#
# A fatal error has been detected by the Java Runtime Environment:
#
#  EXCEPTION_ACCESS_VIOLATION (0xc0000005) at pc=0x000007fed20184eb, pid=10620, tid=13272
#
# JRE version: OpenJDK Runtime Environment (11.0.2+9) (build 11.0.2+9)
# Java VM: OpenJDK 64-Bit Server VM (11.0.2+9, mixed mode, tiered, compressed oops, g1 gc, windows-amd64)
# Problematic frame:
# V  [jvm.dll+0x6b84eb]
#
# No core dump will be written. Minidumps are not enabled by default on client versions of Windows
#
# If you would like to submit a bug report, please visit:
#   http://bugreport.java.com/bugreport/crash.jsp
#

---------------  S U M M A R Y ------------

Command Line: -agentlib:jdwp=transport=dt_socket,suspend=y,address=localhost:57060 -javaagent:C:\Users\Ali\eclipse\jee-2021-06\eclipse\configuration\org.eclipse.osgi\415\0\.cp\lib\javaagent-shaded.jar -Dfile.encoding=UTF-8 org.cloudbus.cloudsim.examples.Simulation1

Host: Intel(R) Core(TM)2 Duo CPU     E8500  @ 3.16GHz, 2 cores, 6G,  Windows 7 , 64 bit Build 7601 (6.1.7601.24545)
Time: Thu Jul 29 22:18:33 2021 Pakistan Standard Time elapsed time: 1873 seconds (0d 0h 31m 13s)

---------------  T H R E A D  ---------------

Current thread (0x000000001be9c000):  VMThread "VM Thread" [stack: 0x000000001c0b0000,0x000000001c1b0000] [id=13272]

Stack: [0x000000001c0b0000,0x000000001c1b0000],  sp=0x000000001c1ae9c0,  free space=1018k
Native frames: (J=compiled Java code, j=interpreted, Vv=VM code, C=native code)
V  [jvm.dll+0x6b84eb]
V  [jvm.dll+0x341ba3]
V  [jvm.dll+0x343ae9]
V  [jvm.dll+0x34436e]
V  [jvm.dll+0x34180c]
V  [jvm.dll+0x340ab2]
V  [jvm.dll+0x623b25]
V  [jvm.dll+0x6238ad]
V  [jvm.dll+0x5e942a]
V  [jvm.dll+0x5012e7]
V  [jvm.dll+0x77a02c]
V  [jvm.dll+0x7784e7]
V  [jvm.dll+0x778d10]
V  [jvm.dll+0x77901f]
V  [jvm.dll+0x633942]
C  [ucrtbase.DLL+0x1d885]
C  [kernel32.dll+0x1556d]
C  [ntdll.dll+0x5372d]


siginfo: EXCEPTION_ACCESS_VIOLATION (0xc0000005), reading address 0x0000000000000006


Register to memory mapping:

RIP=0x000007fed20184eb jvm.dll
RAX=0x000000001c1aea50 points into unknown readable memory: 00 00 00 00 00 00 00 00
RBX=0x000000001c1aea20 points into unknown readable memory: 38 2b 1e d2 fe 07 00 00
RCX=0x0 is NULL
RDX=0x0 is NULL
RSP=0x000000001c1ae9c0 points into unknown readable memory: 20 ea 1a 1c 00 00 00 00
RBP=0x000000001c1aef30 points into unknown readable memory: d8 eb dd 1b 00 00 00 00
RSI=0x0 is NULL
RDI=0x0 is NULL
R8 =0x0 is NULL
R9 =0x000000005cb1a238 is pointing into metadata
R10=0x0 is NULL
R11=0x0000000047000000 is an unknown value
R12=0x000000001bdde8e0 points into unknown readable memory: 00 eb 21 d2 00 00 00 00
R13=0x0 is NULL
R14=0x000000005cb1b050 is pointing into metadata
R15=0x0000000000000180 is an unknown value


Registers:
RAX=0x000000001c1aea50, RBX=0x000000001c1aea20, RCX=0x0000000000000000, RDX=0x0000000000000000
RSP=0x000000001c1ae9c0, RBP=0x000000001c1aef30, RSI=0x0000000000000000, RDI=0x0000000000000000
R8 =0x0000000000000000, R9 =0x000000005cb1a238, R10=0x0000000000000000, R11=0x0000000047000000
R12=0x000000001bdde8e0, R13=0x0000000000000000, R14=0x000000005cb1b050, R15=0x0000000000000180
RIP=0x000007fed20184eb, EFLAGS=0x0000000000010246

Top of Stack: (sp=0x000000001c1ae9c0)
0x000000001c1ae9c0:   000000001c1aea20 000007fee53a6b22
0x000000001c1ae9d0:   000000001c000000 000007fed2018a6b
0x000000001c1ae9e0:   0000000000000000 000007fed1ca1ba3
0x000000001c1ae9f0:   0000000000000000 000000001c1af0a0
0x000000001c1aea00:   000000001c1aefd0 000007fed201822a
0x000000001c1aea10:   000000001c1aea70 ffffffffffffffff
0x000000001c1aea20:   000007fed21e2b38 0000000000000000
0x000000001c1aea30:   0000000000000000 000007fe0000000e
0x000000001c1aea40:   000000001c1aea50 0000000000000000
0x000000001c1aea50:   0000000000000000 0000000000000000
0x000000001c1aea60:   4fffffff4fffffff 2fffffff2fffffff
0x000000001c1aea70:   2fffffff2fffffff 2fffffff2fffffff
0x000000001c1aea80:   2fffffff2fffffff 4fffffff2fffffff
0x000000001c1aea90:   000000004fffffff 0000000000000002
0x000000001c1aeaa0:   000000001c1aec00 000007fee53a6485
0x000000001c1aeab0:   4fffffff4fffffff 2fffffff2fffffff 

Instructions: (pc=0x000007fed20184eb)
0x000007fed20184cb:   cc cc cc cc cc 40 53 48 83 ec 20 c7 41 10 00 00
0x000007fed20184db:   00 00 48 8b d9 48 89 7c 24 38 48 8b 79 08 33 c9
0x000007fed20184eb:   80 7f 06 28 74 26 44 8d 49 28 8d 51 35 48 8d 0d
0x000007fed20184fb:   a1 8b 21 00 4c 8d 05 8a 8b 21 00 e8 b5 63 ba ff 


Stack slot to memory mapping:
stack at sp + 0 slots: 0x000000001c1aea20 points into unknown readable memory: 38 2b 1e d2 fe 07 00 00
stack at sp + 1 slots: 0x000007fee53a6b22 ucrtbase.DLL
stack at sp + 2 slots: 0x000000001c000000 is an unknown value
stack at sp + 3 slots: 0x000007fed2018a6b jvm.dll
stack at sp + 4 slots: 0x0 is NULL
stack at sp + 5 slots: 0x000007fed1ca1ba3 jvm.dll
stack at sp + 6 slots: 0x0 is NULL
stack at sp + 7 slots: 0x000000001c1af0a0 points into unknown readable memory: 08 07 22 d2 fe 07 00 00

VM_Operation (0x000000005e61f160): GetOrSetLocal, mode: safepoint, requested by thread 0x000000005dae0000


---------------  P R O C E S S  ---------------

Threads class SMR info:
_java_thread_list=0x000000005e7e7480, length=13, elements={
0x0000000000330000, 0x000000005cc10000, 0x000000005cc11000, 0x000000005cc60000,
0x000000005cc62800, 0x000000005cc63800, 0x000000005cc67800, 0x000000005cc6a800,
0x000000005cc0b000, 0x000000005dae0000, 0x000000005dae3000, 0x000000005dae4000,
0x000000005e7a0000
}

Java Threads: ( => current thread )
  0x0000000000330000 JavaThread "main" [_thread_blocked, id=5676, stack(0x0000000001fa0000,0x00000000020a0000)]
  0x000000005cc10000 JavaThread "Reference Handler" daemon [_thread_blocked, id=10660, stack(0x000000005cef0000,0x000000005cff0000)]
  0x000000005cc11000 JavaThread "Finalizer" daemon [_thread_blocked, id=12988, stack(0x000000005cdc0000,0x000000005cec0000)]
  0x000000005cc60000 JavaThread "Signal Dispatcher" daemon [_thread_blocked, id=8112, stack(0x000000005d190000,0x000000005d290000)]
  0x000000005cc62800 JavaThread "Attach Listener" daemon [_thread_blocked, id=8312, stack(0x000000005d2d0000,0x000000005d3d0000)]
  0x000000005cc63800 JavaThread "C2 CompilerThread0" daemon [_thread_blocked, id=12120, stack(0x000000005d3e0000,0x000000005d4e0000)]
  0x000000005cc67800 JavaThread "C1 CompilerThread0" daemon [_thread_blocked, id=6896, stack(0x000000005d6b0000,0x000000005d7b0000)]
  0x000000005cc6a800 JavaThread "Sweeper thread" daemon [_thread_blocked, id=11656, stack(0x000000005d880000,0x000000005d980000)]
  0x000000005cc0b000 JavaThread "Common-Cleaner" daemon [_thread_blocked, id=9368, stack(0x000000005de60000,0x000000005df60000)]
  0x000000005dae0000 JavaThread "JDWP Transport Listener: dt_socket" daemon [_thread_blocked, id=10772, stack(0x000000005e520000,0x000000005e620000)] _threads_hazard_ptr=0x000000005e7e7480
  0x000000005dae3000 JavaThread "JDWP Event Helper Thread" daemon [_thread_blocked, id=13168, stack(0x000000005e2f0000,0x000000005e3f0000)]
  0x000000005dae4000 JavaThread "JDWP Command Reader" daemon [_thread_in_native, id=11100, stack(0x000000005df90000,0x000000005e090000)]
  0x000000005e7a0000 JavaThread "Service Thread" daemon [_thread_blocked, id=4568, stack(0x000000005f060000,0x000000005f160000)]

Other Threads:
=>0x000000001be9c000 VMThread "VM Thread" [stack: 0x000000001c0b0000,0x000000001c1b0000] [id=13272]
  0x000000005e81a000 WatcherThread [stack: 0x000000005f230000,0x000000005f330000] [id=10548]
  0x0000000000347000 GCTaskThread "GC Thread#0" [stack: 0x00000000153c0000,0x00000000154c0000] [id=13140]
  0x000000005e818800 GCTaskThread "GC Thread#1" [stack: 0x000000005ef30000,0x000000005f030000] [id=6696]
  0x0000000000373000 ConcurrentGCThread "G1 Main Marker" [stack: 0x00000000198e0000,0x00000000199e0000] [id=11396]
  0x0000000000374800 ConcurrentGCThread "G1 Conc#0" [stack: 0x0000000019b90000,0x0000000019c90000] [id=12460]
  0x000000001bddd800 ConcurrentGCThread "G1 Refine#0" [stack: 0x000000001bf50000,0x000000001c050000] [id=5248]
  0x000000001bde6000 ConcurrentGCThread "G1 Young RemSet Sampling" [stack: 0x000000001c230000,0x000000001c330000] [id=13108]

Threads with active compile tasks:

VM state:at safepoint (normal execution)

VM Mutex/Monitor currently owned by a thread:  ([mutex/lock_event])
[0x0000000000306270] Threads_lock - owner thread: 0x000000001be9c000

Heap address: 0x0000000090000000, size: 1792 MB, Compressed Oops mode: 32-bit
Narrow klass base: 0x0000000000000000, Narrow klass shift: 0
Compressed class space size: 1073741824 Address: 0x000000001c330000

Heap:
 garbage-first heap   total 114688K, used 4264K [0x0000000090000000, 0x0000000100000000)
  region size 1024K, 4 young (4096K), 1 survivors (1024K)
 Metaspace       used 9893K, capacity 10068K, committed 10240K, reserved 1058816K
  class space    used 855K, capacity 904K, committed 1024K, reserved 1048576K
Heap Regions: E=young(eden), S=young(survivor), O=old, HS=humongous(starts), HC=humongous(continues), CS=collection set, F=free, A=archive, TAMS=top-at-mark-start (previous, next)
|   0|0x0000000090000000, 0x0000000090100000, 0x0000000090100000|100%| O|  |TAMS 0x0000000090000000, 0x0000000090000000| Untracked 
|   1|0x0000000090100000, 0x000000009012a000, 0x0000000090200000| 16%| O|  |TAMS 0x0000000090100000, 0x0000000090100000| Untracked 
|   2|0x0000000090200000, 0x0000000090200000, 0x0000000090300000|  0%| F|  |TAMS 0x0000000090200000, 0x0000000090200000| Untracked 
|   3|0x0000000090300000, 0x0000000090300000, 0x0000000090400000|  0%| F|  |TAMS 0x0000000090300000, 0x0000000090300000| Untracked 
|   4|0x0000000090400000, 0x0000000090400000, 0x0000000090500000|  0%| F|  |TAMS 0x0000000090400000, 0x0000000090400000| Untracked 
|   5|0x0000000090500000, 0x0000000090500000, 0x0000000090600000|  0%| F|  |TAMS 0x0000000090500000, 0x0000000090500000| Untracked 
|   6|0x0000000090600000, 0x0000000090600000, 0x0000000090700000|  0%| F|  |TAMS 0x0000000090600000, 0x0000000090600000| Untracked 
|   7|0x0000000090700000, 0x0000000090700000, 0x0000000090800000|  0%| F|  |TAMS 0x0000000090700000, 0x0000000090700000| Untracked 
|   8|0x0000000090800000, 0x0000000090800000, 0x0000000090900000|  0%| F|  |TAMS 0x0000000090800000, 0x0000000090800000| Untracked 
|   9|0x0000000090900000, 0x0000000090900000, 0x0000000090a00000|  0%| F|  |TAMS 0x0000000090900000, 0x0000000090900000| Untracked 
|  10|0x0000000090a00000, 0x0000000090a00000, 0x0000000090b00000|  0%| F|  |TAMS 0x0000000090a00000, 0x0000000090a00000| Untracked 
|  11|0x0000000090b00000, 0x0000000090b00000, 0x0000000090c00000|  0%| F|  |TAMS 0x0000000090b00000, 0x0000000090b00000| Untracked 
|  12|0x0000000090c00000, 0x0000000090c00000, 0x0000000090d00000|  0%| F|  |TAMS 0x0000000090c00000, 0x0000000090c00000| Untracked 
|  13|0x0000000090d00000, 0x0000000090d00000, 0x0000000090e00000|  0%| F|  |TAMS 0x0000000090d00000, 0x0000000090d00000| Untracked 
|  14|0x0000000090e00000, 0x0000000090e00000, 0x0000000090f00000|  0%| F|  |TAMS 0x0000000090e00000, 0x0000000090e00000| Untracked 
|  15|0x0000000090f00000, 0x0000000090f00000, 0x0000000091000000|  0%| F|  |TAMS 0x0000000090f00000, 0x0000000090f00000| Untracked 
|  16|0x0000000091000000, 0x0000000091000000, 0x0000000091100000|  0%| F|  |TAMS 0x0000000091000000, 0x0000000091000000| Untracked 
|  17|0x0000000091100000, 0x0000000091100000, 0x0000000091200000|  0%| F|  |TAMS 0x0000000091100000, 0x0000000091100000| Untracked 
|  18|0x0000000091200000, 0x0000000091200000, 0x0000000091300000|  0%| F|  |TAMS 0x0000000091200000, 0x0000000091200000| Untracked 
|  19|0x0000000091300000, 0x0000000091300000, 0x0000000091400000|  0%| F|  |TAMS 0x0000000091300000, 0x0000000091300000| Untracked 
|  20|0x0000000091400000, 0x0000000091400000, 0x0000000091500000|  0%| F|  |TAMS 0x0000000091400000, 0x0000000091400000| Untracked 
|  21|0x0000000091500000, 0x0000000091500000, 0x0000000091600000|  0%| F|  |TAMS 0x0000000091500000, 0x0000000091500000| Untracked 
|  22|0x0000000091600000, 0x0000000091600000, 0x0000000091700000|  0%| F|  |TAMS 0x0000000091600000, 0x0000000091600000| Untracked 
|  23|0x0000000091700000, 0x0000000091700000, 0x0000000091800000|  0%| F|  |TAMS 0x0000000091700000, 0x0000000091700000| Untracked 
|  24|0x0000000091800000, 0x0000000091800000, 0x0000000091900000|  0%| F|  |TAMS 0x0000000091800000, 0x0000000091800000| Untracked 
|  25|0x0000000091900000, 0x0000000091900000, 0x0000000091a00000|  0%| F|  |TAMS 0x0000000091900000, 0x0000000091900000| Untracked 
|  26|0x0000000091a00000, 0x0000000091a00000, 0x0000000091b00000|  0%| F|  |TAMS 0x0000000091a00000, 0x0000000091a00000| Untracked 
|  27|0x0000000091b00000, 0x0000000091b00000, 0x0000000091c00000|  0%| F|  |TAMS 0x0000000091b00000, 0x0000000091b00000| Untracked 
|  28|0x0000000091c00000, 0x0000000091c00000, 0x0000000091d00000|  0%| F|  |TAMS 0x0000000091c00000, 0x0000000091c00000| Untracked 
|  29|0x0000000091d00000, 0x0000000091d00000, 0x0000000091e00000|  0%| F|  |TAMS 0x0000000091d00000, 0x0000000091d00000| Untracked 
|  30|0x0000000091e00000, 0x0000000091e00000, 0x0000000091f00000|  0%| F|  |TAMS 0x0000000091e00000, 0x0000000091e00000| Untracked 
|  31|0x0000000091f00000, 0x0000000091f00000, 0x0000000092000000|  0%| F|  |TAMS 0x0000000091f00000, 0x0000000091f00000| Untracked 
|  32|0x0000000092000000, 0x0000000092000000, 0x0000000092100000|  0%| F|  |TAMS 0x0000000092000000, 0x0000000092000000| Untracked 
|  33|0x0000000092100000, 0x0000000092100000, 0x0000000092200000|  0%| F|  |TAMS 0x0000000092100000, 0x0000000092100000| Untracked 
|  34|0x0000000092200000, 0x0000000092200000, 0x0000000092300000|  0%| F|  |TAMS 0x0000000092200000, 0x0000000092200000| Untracked 
|  35|0x0000000092300000, 0x0000000092300000, 0x0000000092400000|  0%| F|  |TAMS 0x0000000092300000, 0x0000000092300000| Untracked 
|  36|0x0000000092400000, 0x0000000092400000, 0x0000000092500000|  0%| F|  |TAMS 0x0000000092400000, 0x0000000092400000| Untracked 
|  37|0x0000000092500000, 0x0000000092500000, 0x0000000092600000|  0%| F|  |TAMS 0x0000000092500000, 0x0000000092500000| Untracked 
|  38|0x0000000092600000, 0x0000000092600000, 0x0000000092700000|  0%| F|  |TAMS 0x0000000092600000, 0x0000000092600000| Untracked 
|  39|0x0000000092700000, 0x0000000092700000, 0x0000000092800000|  0%| F|  |TAMS 0x0000000092700000, 0x0000000092700000| Untracked 
|  40|0x0000000092800000, 0x0000000092800000, 0x0000000092900000|  0%| F|  |TAMS 0x0000000092800000, 0x0000000092800000| Untracked 
|  41|0x0000000092900000, 0x0000000092900000, 0x0000000092a00000|  0%| F|  |TAMS 0x0000000092900000, 0x0000000092900000| Untracked 
|  42|0x0000000092a00000, 0x0000000092a00000, 0x0000000092b00000|  0%| F|  |TAMS 0x0000000092a00000, 0x0000000092a00000| Untracked 
|  43|0x0000000092b00000, 0x0000000092b00000, 0x0000000092c00000|  0%| F|  |TAMS 0x0000000092b00000, 0x0000000092b00000| Untracked 
|  44|0x0000000092c00000, 0x0000000092c00000, 0x0000000092d00000|  0%| F|  |TAMS 0x0000000092c00000, 0x0000000092c00000| Untracked 
|  45|0x0000000092d00000, 0x0000000092d00000, 0x0000000092e00000|  0%| F|  |TAMS 0x0000000092d00000, 0x0000000092d00000| Untracked 
|  46|0x0000000092e00000, 0x0000000092e00000, 0x0000000092f00000|  0%| F|  |TAMS 0x0000000092e00000, 0x0000000092e00000| Untracked 
|  47|0x0000000092f00000, 0x0000000092f00000, 0x0000000093000000|  0%| F|  |TAMS 0x0000000092f00000, 0x0000000092f00000| Untracked 
|  48|0x0000000093000000, 0x0000000093000000, 0x0000000093100000|  0%| F|  |TAMS 0x0000000093000000, 0x0000000093000000| Untracked 
|  49|0x0000000093100000, 0x0000000093100000, 0x0000000093200000|  0%| F|  |TAMS 0x0000000093100000, 0x0000000093100000| Untracked 
|  50|0x0000000093200000, 0x0000000093200000, 0x0000000093300000|  0%| F|  |TAMS 0x0000000093200000, 0x0000000093200000| Untracked 
|  51|0x0000000093300000, 0x0000000093300000, 0x0000000093400000|  0%| F|  |TAMS 0x0000000093300000, 0x0000000093300000| Untracked 
|  52|0x0000000093400000, 0x0000000093400000, 0x0000000093500000|  0%| F|  |TAMS 0x0000000093400000, 0x0000000093400000| Untracked 
|  53|0x0000000093500000, 0x0000000093500000, 0x0000000093600000|  0%| F|  |TAMS 0x0000000093500000, 0x0000000093500000| Untracked 
|  54|0x0000000093600000, 0x0000000093600000, 0x0000000093700000|  0%| F|  |TAMS 0x0000000093600000, 0x0000000093600000| Untracked 
|  55|0x0000000093700000, 0x0000000093700000, 0x0000000093800000|  0%| F|  |TAMS 0x0000000093700000, 0x0000000093700000| Untracked 
|  56|0x0000000093800000, 0x0000000093800000, 0x0000000093900000|  0%| F|  |TAMS 0x0000000093800000, 0x0000000093800000| Untracked 
|  57|0x0000000093900000, 0x0000000093900000, 0x0000000093a00000|  0%| F|  |TAMS 0x0000000093900000, 0x0000000093900000| Untracked 
|  58|0x0000000093a00000, 0x0000000093a00000, 0x0000000093b00000|  0%| F|  |TAMS 0x0000000093a00000, 0x0000000093a00000| Untracked 
|  59|0x0000000093b00000, 0x0000000093b00000, 0x0000000093c00000|  0%| F|  |TAMS 0x0000000093b00000, 0x0000000093b00000| Untracked 
|  60|0x0000000093c00000, 0x0000000093c00000, 0x0000000093d00000|  0%| F|  |TAMS 0x0000000093c00000, 0x0000000093c00000| Untracked 
|  61|0x0000000093d00000, 0x0000000093d00000, 0x0000000093e00000|  0%| F|  |TAMS 0x0000000093d00000, 0x0000000093d00000| Untracked 
|  62|0x0000000093e00000, 0x0000000093e00000, 0x0000000093f00000|  0%| F|  |TAMS 0x0000000093e00000, 0x0000000093e00000| Untracked 
|  63|0x0000000093f00000, 0x0000000093f00000, 0x0000000094000000|  0%| F|  |TAMS 0x0000000093f00000, 0x0000000093f00000| Untracked 
|  64|0x0000000094000000, 0x0000000094000000, 0x0000000094100000|  0%| F|  |TAMS 0x0000000094000000, 0x0000000094000000| Untracked 
|  65|0x0000000094100000, 0x0000000094100000, 0x0000000094200000|  0%| F|  |TAMS 0x0000000094100000, 0x0000000094100000| Untracked 
|  66|0x0000000094200000, 0x0000000094200000, 0x0000000094300000|  0%| F|  |TAMS 0x0000000094200000, 0x0000000094200000| Untracked 
|  67|0x0000000094300000, 0x0000000094300000, 0x0000000094400000|  0%| F|  |TAMS 0x0000000094300000, 0x0000000094300000| Untracked 
|  68|0x0000000094400000, 0x0000000094400000, 0x0000000094500000|  0%| F|  |TAMS 0x0000000094400000, 0x0000000094400000| Untracked 
|  69|0x0000000094500000, 0x0000000094500000, 0x0000000094600000|  0%| F|  |TAMS 0x0000000094500000, 0x0000000094500000| Untracked 
|  70|0x0000000094600000, 0x0000000094600000, 0x0000000094700000|  0%| F|  |TAMS 0x0000000094600000, 0x0000000094600000| Untracked 
|  71|0x0000000094700000, 0x0000000094700000, 0x0000000094800000|  0%| F|  |TAMS 0x0000000094700000, 0x0000000094700000| Untracked 
|  72|0x0000000094800000, 0x0000000094800000, 0x0000000094900000|  0%| F|  |TAMS 0x0000000094800000, 0x0000000094800000| Untracked 
|  73|0x0000000094900000, 0x0000000094900000, 0x0000000094a00000|  0%| F|  |TAMS 0x0000000094900000, 0x0000000094900000| Untracked 
|  74|0x0000000094a00000, 0x0000000094a00000, 0x0000000094b00000|  0%| F|  |TAMS 0x0000000094a00000, 0x0000000094a00000| Untracked 
|  75|0x0000000094b00000, 0x0000000094b00000, 0x0000000094c00000|  0%| F|  |TAMS 0x0000000094b00000, 0x0000000094b00000| Untracked 
|  76|0x0000000094c00000, 0x0000000094c00000, 0x0000000094d00000|  0%| F|  |TAMS 0x0000000094c00000, 0x0000000094c00000| Untracked 
|  77|0x0000000094d00000, 0x0000000094d00000, 0x0000000094e00000|  0%| F|  |TAMS 0x0000000094d00000, 0x0000000094d00000| Untracked 
|  78|0x0000000094e00000, 0x0000000094e00000, 0x0000000094f00000|  0%| F|  |TAMS 0x0000000094e00000, 0x0000000094e00000| Untracked 
|  79|0x0000000094f00000, 0x0000000094f00000, 0x0000000095000000|  0%| F|  |TAMS 0x0000000094f00000, 0x0000000094f00000| Untracked 
|  80|0x0000000095000000, 0x0000000095000000, 0x0000000095100000|  0%| F|  |TAMS 0x0000000095000000, 0x0000000095000000| Untracked 
|  81|0x0000000095100000, 0x0000000095100000, 0x0000000095200000|  0%| F|  |TAMS 0x0000000095100000, 0x0000000095100000| Untracked 
|  82|0x0000000095200000, 0x0000000095200000, 0x0000000095300000|  0%| F|  |TAMS 0x0000000095200000, 0x0000000095200000| Untracked 
|  83|0x0000000095300000, 0x0000000095300000, 0x0000000095400000|  0%| F|  |TAMS 0x0000000095300000, 0x0000000095300000| Untracked 
|  84|0x0000000095400000, 0x0000000095400000, 0x0000000095500000|  0%| F|  |TAMS 0x0000000095400000, 0x0000000095400000| Untracked 
|  85|0x0000000095500000, 0x0000000095500000, 0x0000000095600000|  0%| F|  |TAMS 0x0000000095500000, 0x0000000095500000| Untracked 
|  86|0x0000000095600000, 0x0000000095600000, 0x0000000095700000|  0%| F|  |TAMS 0x0000000095600000, 0x0000000095600000| Untracked 
|  87|0x0000000095700000, 0x0000000095700000, 0x0000000095800000|  0%| F|  |TAMS 0x0000000095700000, 0x0000000095700000| Untracked 
|  88|0x0000000095800000, 0x0000000095800000, 0x0000000095900000|  0%| F|  |TAMS 0x0000000095800000, 0x0000000095800000| Untracked 
|  89|0x0000000095900000, 0x0000000095900000, 0x0000000095a00000|  0%| F|  |TAMS 0x0000000095900000, 0x0000000095900000| Untracked 
|  90|0x0000000095a00000, 0x0000000095a00000, 0x0000000095b00000|  0%| F|  |TAMS 0x0000000095a00000, 0x0000000095a00000| Untracked 
|  91|0x0000000095b00000, 0x0000000095b00000, 0x0000000095c00000|  0%| F|  |TAMS 0x0000000095b00000, 0x0000000095b00000| Untracked 
|  92|0x0000000095c00000, 0x0000000095c00000, 0x0000000095d00000|  0%| F|  |TAMS 0x0000000095c00000, 0x0000000095c00000| Untracked 
|  93|0x0000000095d00000, 0x0000000095d00000, 0x0000000095e00000|  0%| F|  |TAMS 0x0000000095d00000, 0x0000000095d00000| Untracked 
|  94|0x0000000095e00000, 0x0000000095e00000, 0x0000000095f00000|  0%| F|  |TAMS 0x0000000095e00000, 0x0000000095e00000| Untracked 
|  95|0x0000000095f00000, 0x0000000095f00000, 0x0000000096000000|  0%| F|  |TAMS 0x0000000095f00000, 0x0000000095f00000| Untracked 
|  96|0x0000000096000000, 0x0000000096000000, 0x0000000096100000|  0%| F|  |TAMS 0x0000000096000000, 0x0000000096000000| Untracked 
|  97|0x0000000096100000, 0x0000000096100000, 0x0000000096200000|  0%| F|  |TAMS 0x0000000096100000, 0x0000000096100000| Untracked 
|  98|0x0000000096200000, 0x0000000096200000, 0x0000000096300000|  0%| F|  |TAMS 0x0000000096200000, 0x0000000096200000| Untracked 
|  99|0x0000000096300000, 0x0000000096300000, 0x0000000096400000|  0%| F|  |TAMS 0x0000000096300000, 0x0000000096300000| Untracked 
| 100|0x0000000096400000, 0x0000000096400000, 0x0000000096500000|  0%| F|  |TAMS 0x0000000096400000, 0x0000000096400000| Untracked 
| 101|0x0000000096500000, 0x0000000096500000, 0x0000000096600000|  0%| F|  |TAMS 0x0000000096500000, 0x0000000096500000| Untracked 
| 102|0x0000000096600000, 0x0000000096600000, 0x0000000096700000|  0%| F|  |TAMS 0x0000000096600000, 0x0000000096600000| Untracked 
| 103|0x0000000096700000, 0x0000000096700000, 0x0000000096800000|  0%| F|  |TAMS 0x0000000096700000, 0x0000000096700000| Untracked 
| 104|0x0000000096800000, 0x0000000096900000, 0x0000000096900000|100%| S|CS|TAMS 0x0000000096800000, 0x0000000096800000| Complete 
| 105|0x0000000096900000, 0x0000000096900000, 0x0000000096a00000|  0%| F|  |TAMS 0x0000000096900000, 0x0000000096900000| Untracked 
| 106|0x0000000096a00000, 0x0000000096a00000, 0x0000000096b00000|  0%| F|  |TAMS 0x0000000096a00000, 0x0000000096a00000| Untracked 
| 107|0x0000000096b00000, 0x0000000096b00000, 0x0000000096c00000|  0%| F|  |TAMS 0x0000000096b00000, 0x0000000096b00000| Untracked 
| 108|0x0000000096c00000, 0x0000000096c00000, 0x0000000096d00000|  0%| F|  |TAMS 0x0000000096c00000, 0x0000000096c00000| Untracked 
| 109|0x0000000096d00000, 0x0000000096dad5e0, 0x0000000096e00000| 67%| E|  |TAMS 0x0000000096d00000, 0x0000000096d00000| Complete 
| 110|0x0000000096e00000, 0x0000000096f00000, 0x0000000096f00000|100%| E|CS|TAMS 0x0000000096e00000, 0x0000000096e00000| Complete 
| 111|0x0000000096f00000, 0x0000000097000000, 0x0000000097000000|100%| E|CS|TAMS 0x0000000096f00000, 0x0000000096f00000| Complete 

Card table byte_map: [0x0000000015950000,0x0000000015cd0000] _byte_map_base: 0x00000000154d0000

Marking Bits (Prev, Next): (CMBitMap*) 0x000000000036b398, (CMBitMap*) 0x000000000036b3d0
 Prev Bits: [0x0000000016050000, 0x0000000017c50000)
 Next Bits: [0x0000000017c50000, 0x0000000019850000)

Polling page: 0x0000000000220000

Metaspace:

Usage:
  Non-class:      8.95 MB capacity,     8.83 MB ( 99%) used,   118.28 KB (  1%) free+waste,     8.00 KB ( <1%) overhead. 
      Class:    904.00 KB capacity,   855.49 KB ( 95%) used,    45.57 KB (  5%) free+waste,     2.94 KB ( <1%) overhead. 
       Both:      9.83 MB capacity,     9.66 MB ( 98%) used,   163.85 KB (  2%) free+waste,    10.94 KB ( <1%) overhead. 

Virtual space:
  Non-class space:       10.00 MB reserved,       9.00 MB ( 90%) committed 
      Class space:        1.00 GB reserved,       1.00 MB ( <1%) committed 
             Both:        1.01 GB reserved,      10.00 MB ( <1%) committed 

Chunk freelists:
   Non-Class:  6.50 KB
       Class:  3.00 KB
        Both:  9.50 KB

CodeHeap 'non-profiled nmethods': size=120064Kb used=195Kb max_used=195Kb free=119868Kb
 bounds [0x000000000dc20000, 0x000000000de90000, 0x0000000015160000]
CodeHeap 'profiled nmethods': size=120000Kb used=1005Kb max_used=1005Kb free=118994Kb
 bounds [0x00000000066f0000, 0x0000000006960000, 0x000000000dc20000]
CodeHeap 'non-nmethods': size=5696Kb used=1152Kb max_used=1163Kb free=4544Kb
 bounds [0x0000000006160000, 0x00000000063d0000, 0x00000000066f0000]
 total_blobs=1113 nmethods=575 adapters=303
 compilation: enabled
              stopped_count=0, restarted_count=0
 full_count=0

Compilation events (10 events):
Event: 2.079 Thread 0x000000005cc67800  573   !   3       java.net.URL::<init> (543 bytes)
Event: 2.126 Thread 0x000000005cc63800  571       4       org.eclipse.jdt.launching.internal.org.objectweb.asm.ClassReader::readInt (52 bytes)
Event: 2.127 Thread 0x000000005cc63800 nmethod 571 0x000000000dc4fe90 code [0x000000000dc50020, 0x000000000dc50138]
Event: 2.131 Thread 0x000000005cc67800 nmethod 573 0x00000000067e2790 code [0x00000000067e2f00, 0x00000000067e8e60]
Event: 2.131 Thread 0x000000005cc67800  572       3       java.net.URL::<init> (8 bytes)
Event: 2.131 Thread 0x000000005cc67800 nmethod 572 0x00000000067eb190 code [0x00000000067eb340, 0x00000000067eb4f0]
Event: 1662.197 Thread 0x000000005cc63800  574       4       org.eclipse.jdt.launching.internal.org.objectweb.asm.Symbol::<init> (38 bytes)
Event: 1662.205 Thread 0x000000005cc63800 nmethod 574 0x000000000dc50210 code [0x000000000dc503a0, 0x000000000dc50658]
Event: 1662.205 Thread 0x000000005cc63800  575       4       org.eclipse.jdt.launching.internal.org.objectweb.asm.SymbolTable::add (39 bytes)
Event: 1662.209 Thread 0x000000005cc63800 nmethod 575 0x000000000dc50710 code [0x000000000dc508c0, 0x000000000dc50c38]

GC Heap History (2 events):
Event: 1.925 GC heap before
{Heap before GC invocations=0 (full 0):
 garbage-first heap   total 114688K, used 7168K [0x0000000090000000, 0x0000000100000000)
  region size 1024K, 7 young (7168K), 0 survivors (0K)
 Metaspace       used 9307K, capacity 9422K, committed 9600K, reserved 1058816K
  class space    used 808K, capacity 838K, committed 896K, reserved 1048576K
}
Event: 1.966 GC heap after
{Heap after GC invocations=1 (full 0):
 garbage-first heap   total 114688K, used 2216K [0x0000000090000000, 0x0000000100000000)
  region size 1024K, 1 young (1024K), 1 survivors (1024K)
 Metaspace       used 9307K, capacity 9422K, committed 9600K, reserved 1058816K
  class space    used 808K, capacity 838K, committed 896K, reserved 1048576K
}

Deoptimization events (6 events):
Event: 1.564 Thread 0x0000000000330000 Uncommon trap: reason=class_check action=maybe_recompile pc=0x000000000dc2db70 method=java.util.HashMap.putVal(ILjava/lang/Object;Ljava/lang/Object;ZZ)Ljava/lang/Object; @ 152 c2
Event: 1.565 Thread 0x0000000000330000 Uncommon trap: reason=class_check action=maybe_recompile pc=0x000000000dc2db70 method=java.util.HashMap.putVal(ILjava/lang/Object;Ljava/lang/Object;ZZ)Ljava/lang/Object; @ 152 c2
Event: 1.587 Thread 0x0000000000330000 Uncommon trap: reason=unstable_if action=reinterpret pc=0x000000000dc24b6c method=java.lang.String.isLatin1()Z @ 10 c2
Event: 1.597 Thread 0x0000000000330000 Uncommon trap: reason=class_check action=maybe_recompile pc=0x000000000dc2db70 method=java.util.HashMap.putVal(ILjava/lang/Object;Ljava/lang/Object;ZZ)Ljava/lang/Object; @ 152 c2
Event: 1.637 Thread 0x0000000000330000 Uncommon trap: reason=class_check action=maybe_recompile pc=0x000000000dc2db70 method=java.util.HashMap.putVal(ILjava/lang/Object;Ljava/lang/Object;ZZ)Ljava/lang/Object; @ 152 c2
Event: 1.764 Thread 0x0000000000330000 Uncommon trap: reason=unstable_if action=reinterpret pc=0x000000000dc21c68 method=java.lang.String.isLatin1()Z @ 10 c2

Classes redefined (2 events):
Event: 1662.203 Thread 0x000000001be9c000 redefined class name=org.cloudbus.cloudsim.examples.Simulation1, count=1
Event: 1860.711 Thread 0x000000001be9c000 redefined class name=org.cloudbus.cloudsim.examples.Simulation1, count=2

Internal exceptions (0 events):
No events

Events (10 events):
Event: 1860.812 Executing VM operation: GetFrameCount done
Event: 1860.812 Executing VM operation: GetStackTrace
Event: 1860.812 Executing VM operation: GetStackTrace done
Event: 1861.749 Executing VM operation: GetFrameCount
Event: 1861.760 Executing VM operation: GetFrameCount done
Event: 1861.770 Executing VM operation: GetOwnedMonitorInfo
Event: 1861.770 Executing VM operation: GetOwnedMonitorInfo done
Event: 1861.785 Executing VM operation: GetCurrentContendedMonitor
Event: 1861.787 Executing VM operation: GetCurrentContendedMonitor done
Event: 1871.204 Executing VM operation: GetOrSetLocal


Dynamic libraries:
0x000000013f020000 - 0x000000013f065000 	C:\Users\Ali\.p2\pool\plugins\org.eclipse.justj.openjdk.hotspot.jre.full.win32.x86_64_11.0.2.v20200815-0835\jre\bin\javaw.exe
0x0000000077cb0000 - 0x0000000077e4f000 	C:\Windows\SYSTEM32\ntdll.dll
0x0000000077b90000 - 0x0000000077caf000 	C:\Windows\system32\kernel32.dll
0x000007fefd820000 - 0x000007fefd887000 	C:\Windows\system32\KERNELBASE.dll
0x0000000077a90000 - 0x0000000077b8b000 	C:\Windows\system32\USER32.dll
0x000007fefe0b0000 - 0x000007fefe117000 	C:\Windows\system32\GDI32.dll
0x000007fefdbc0000 - 0x000007fefdbce000 	C:\Windows\system32\LPK.dll
0x000007fefdbf0000 - 0x000007fefdcbb000 	C:\Windows\system32\USP10.dll
0x000007feffa50000 - 0x000007feffaef000 	C:\Windows\system32\msvcrt.dll
0x000007fefc100000 - 0x000007fefc2f5000 	C:\Windows\WinSxS\amd64_microsoft.windows.common-controls_6595b64144ccf1df_6.0.7601.24483_none_e372d88f30fbb845\COMCTL32.dll
0x000007feff7c0000 - 0x000007feff831000 	C:\Windows\system32\SHLWAPI.dll
0x000007feff840000 - 0x000007feff86e000 	C:\Windows\system32\IMM32.DLL
0x000007feff6b0000 - 0x000007feff7bb000 	C:\Windows\system32\MSCTF.dll
0x000007fefacd0000 - 0x000007fefacd3000 	C:\Windows\system32\api-ms-win-core-synch-l1-2-0.DLL
0x000007fef2bf0000 - 0x000007fef2c06000 	C:\Users\Ali\.p2\pool\plugins\org.eclipse.justj.openjdk.hotspot.jre.full.win32.x86_64_11.0.2.v20200815-0835\jre\bin\vcruntime140.dll
0x000007fef53f0000 - 0x000007fef53f4000 	C:\Users\Ali\.p2\pool\plugins\org.eclipse.justj.openjdk.hotspot.jre.full.win32.x86_64_11.0.2.v20200815-0835\jre\bin\api-ms-win-crt-runtime-l1-1-0.dll
0x000007fee53a0000 - 0x000007fee5496000 	C:\Users\Ali\.p2\pool\plugins\org.eclipse.justj.openjdk.hotspot.jre.full.win32.x86_64_11.0.2.v20200815-0835\jre\bin\ucrtbase.DLL
0x000007fef5490000 - 0x000007fef5493000 	C:\Users\Ali\.p2\pool\plugins\org.eclipse.justj.openjdk.hotspot.jre.full.win32.x86_64_11.0.2.v20200815-0835\jre\bin\api-ms-win-core-localization-l1-2-0.dll
0x000007fef4bf0000 - 0x000007fef4bf3000 	C:\Users\Ali\.p2\pool\plugins\org.eclipse.justj.openjdk.hotspot.jre.full.win32.x86_64_11.0.2.v20200815-0835\jre\bin\api-ms-win-core-processthreads-l1-1-1.dll
0x000007fef2c20000 - 0x000007fef2c23000 	C:\Users\Ali\.p2\pool\plugins\org.eclipse.justj.openjdk.hotspot.jre.full.win32.x86_64_11.0.2.v20200815-0835\jre\bin\api-ms-win-core-file-l1-2-0.dll
0x000007fef2c10000 - 0x000007fef2c13000 	C:\Users\Ali\.p2\pool\plugins\org.eclipse.justj.openjdk.hotspot.jre.full.win32.x86_64_11.0.2.v20200815-0835\jre\bin\api-ms-win-core-timezone-l1-1-0.dll
0x000007fef2be0000 - 0x000007fef2be3000 	C:\Users\Ali\.p2\pool\plugins\org.eclipse.justj.openjdk.hotspot.jre.full.win32.x86_64_11.0.2.v20200815-0835\jre\bin\api-ms-win-core-file-l2-1-0.dll
0x000007fef2bd0000 - 0x000007fef2bd4000 	C:\Users\Ali\.p2\pool\plugins\org.eclipse.justj.openjdk.hotspot.jre.full.win32.x86_64_11.0.2.v20200815-0835\jre\bin\api-ms-win-crt-string-l1-1-0.dll
0x000007fef2bc0000 - 0x000007fef2bc3000 	C:\Users\Ali\.p2\pool\plugins\org.eclipse.justj.openjdk.hotspot.jre.full.win32.x86_64_11.0.2.v20200815-0835\jre\bin\api-ms-win-crt-heap-l1-1-0.dll
0x000007fef2bb0000 - 0x000007fef2bb4000 	C:\Users\Ali\.p2\pool\plugins\org.eclipse.justj.openjdk.hotspot.jre.full.win32.x86_64_11.0.2.v20200815-0835\jre\bin\api-ms-win-crt-stdio-l1-1-0.dll
0x000007fef2ba0000 - 0x000007fef2ba4000 	C:\Users\Ali\.p2\pool\plugins\org.eclipse.justj.openjdk.hotspot.jre.full.win32.x86_64_11.0.2.v20200815-0835\jre\bin\api-ms-win-crt-convert-l1-1-0.dll
0x000007fee6b00000 - 0x000007fee6baa000 	C:\Users\Ali\.p2\pool\plugins\org.eclipse.justj.openjdk.hotspot.jre.full.win32.x86_64_11.0.2.v20200815-0835\jre\bin\msvcp140.dll
0x000007fef2b90000 - 0x000007fef2b93000 	C:\Users\Ali\.p2\pool\plugins\org.eclipse.justj.openjdk.hotspot.jre.full.win32.x86_64_11.0.2.v20200815-0835\jre\bin\api-ms-win-crt-locale-l1-1-0.dll
0x000007fef2b80000 - 0x000007fef2b85000 	C:\Users\Ali\.p2\pool\plugins\org.eclipse.justj.openjdk.hotspot.jre.full.win32.x86_64_11.0.2.v20200815-0835\jre\bin\api-ms-win-crt-math-l1-1-0.dll
0x000007fef2b70000 - 0x000007fef2b75000 	C:\Users\Ali\.p2\pool\plugins\org.eclipse.justj.openjdk.hotspot.jre.full.win32.x86_64_11.0.2.v20200815-0835\jre\bin\api-ms-win-crt-multibyte-l1-1-0.dll
0x000007fef2b60000 - 0x000007fef2b63000 	C:\Users\Ali\.p2\pool\plugins\org.eclipse.justj.openjdk.hotspot.jre.full.win32.x86_64_11.0.2.v20200815-0835\jre\bin\api-ms-win-crt-time-l1-1-0.dll
0x000007fef2b50000 - 0x000007fef2b53000 	C:\Users\Ali\.p2\pool\plugins\org.eclipse.justj.openjdk.hotspot.jre.full.win32.x86_64_11.0.2.v20200815-0835\jre\bin\api-ms-win-crt-filesystem-l1-1-0.dll
0x000007fef2b40000 - 0x000007fef2b43000 	C:\Users\Ali\.p2\pool\plugins\org.eclipse.justj.openjdk.hotspot.jre.full.win32.x86_64_11.0.2.v20200815-0835\jre\bin\api-ms-win-crt-environment-l1-1-0.dll
0x000007fef1280000 - 0x000007fef1283000 	C:\Users\Ali\.p2\pool\plugins\org.eclipse.justj.openjdk.hotspot.jre.full.win32.x86_64_11.0.2.v20200815-0835\jre\bin\api-ms-win-crt-utility-l1-1-0.dll
0x000007fed1960000 - 0x000007fed2483000 	C:\Users\Ali\.p2\pool\plugins\org.eclipse.justj.openjdk.hotspot.jre.full.win32.x86_64_11.0.2.v20200815-0835\jre\bin\server\jvm.dll
0x000007fefddf0000 - 0x000007fefdecb000 	C:\Windows\system32\ADVAPI32.dll
0x000007fefdbd0000 - 0x000007fefdbef000 	C:\Windows\SYSTEM32\sechost.dll
0x000007fefdcc0000 - 0x000007fefddec000 	C:\Windows\system32\RPCRT4.dll
0x000007fefa420000 - 0x000007fefa429000 	C:\Windows\system32\WSOCK32.dll
0x000007feffc80000 - 0x000007feffccd000 	C:\Windows\system32\WS2_32.dll
0x000007feff150000 - 0x000007feff158000 	C:\Windows\system32\NSI.dll
0x000007fefb140000 - 0x000007fefb17b000 	C:\Windows\system32\WINMM.dll
0x000007fefc8c0000 - 0x000007fefc8cc000 	C:\Windows\system32\VERSION.dll
0x0000000077e60000 - 0x0000000077e67000 	C:\Windows\system32\PSAPI.DLL
0x000007fef5530000 - 0x000007fef5541000 	C:\Users\Ali\.p2\pool\plugins\org.eclipse.justj.openjdk.hotspot.jre.full.win32.x86_64_11.0.2.v20200815-0835\jre\bin\verify.dll
0x000007fefa8a0000 - 0x000007fefa9c5000 	C:\Windows\system32\DBGHELP.DLL
0x000007fef54a0000 - 0x000007fef54c8000 	C:\Users\Ali\.p2\pool\plugins\org.eclipse.justj.openjdk.hotspot.jre.full.win32.x86_64_11.0.2.v20200815-0835\jre\bin\java.dll
0x000007fef1240000 - 0x000007fef1277000 	C:\Users\Ali\.p2\pool\plugins\org.eclipse.justj.openjdk.hotspot.jre.full.win32.x86_64_11.0.2.v20200815-0835\jre\bin\jdwp.dll
0x000007fef1210000 - 0x000007fef123f000 	C:\Users\Ali\.p2\pool\plugins\org.eclipse.justj.openjdk.hotspot.jre.full.win32.x86_64_11.0.2.v20200815-0835\jre\bin\instrument.dll
0x000007fefab20000 - 0x000007fefab36000 	C:\Users\Ali\.p2\pool\plugins\org.eclipse.justj.openjdk.hotspot.jre.full.win32.x86_64_11.0.2.v20200815-0835\jre\bin\zip.dll
0x000007fef55d0000 - 0x000007fef55da000 	C:\Users\Ali\.p2\pool\plugins\org.eclipse.justj.openjdk.hotspot.jre.full.win32.x86_64_11.0.2.v20200815-0835\jre\bin\jimage.dll
0x000007fefe140000 - 0x000007fefeecb000 	C:\Windows\system32\SHELL32.dll
0x000007fefeed0000 - 0x000007feff0cf000 	C:\Windows\system32\ole32.dll
0x000007fefd800000 - 0x000007fefd80f000 	C:\Windows\system32\profapi.dll
0x000007fef1200000 - 0x000007fef120a000 	C:\Users\Ali\.p2\pool\plugins\org.eclipse.justj.openjdk.hotspot.jre.full.win32.x86_64_11.0.2.v20200815-0835\jre\bin\dt_socket.dll
0x000007fefcf40000 - 0x000007fefcf95000 	C:\Windows\System32\mswsock.dll
0x000007fefcdc0000 - 0x000007fefce1b000 	C:\Windows\system32\DNSAPI.dll
0x0000000073220000 - 0x0000000073246000 	C:\Program Files\Bonjour\mdnsNSP.dll
0x000007fefa5e0000 - 0x000007fefa607000 	C:\Windows\system32\Iphlpapi.DLL
0x000007fefa5d0000 - 0x000007fefa5db000 	C:\Windows\system32\WINNSI.DLL
0x000007fefa4d0000 - 0x000007fefa523000 	C:\Windows\System32\fwpuclnt.dll
0x000007fef3d40000 - 0x000007fef3d48000 	C:\Windows\system32\rasadhlp.dll
0x000007fefcf30000 - 0x000007fefcf37000 	C:\Windows\System32\wship6.dll
0x000007fefc990000 - 0x000007fefc997000 	C:\Windows\System32\wshtcpip.dll
0x000007fef5440000 - 0x000007fef5459000 	C:\Users\Ali\.p2\pool\plugins\org.eclipse.justj.openjdk.hotspot.jre.full.win32.x86_64_11.0.2.v20200815-0835\jre\bin\net.dll
0x000007fefb430000 - 0x000007fefb4a1000 	C:\Windows\system32\WINHTTP.dll
0x000007fefb3c0000 - 0x000007fefb424000 	C:\Windows\system32\webio.dll
0x000007feffaf0000 - 0x000007feffc7a000 	C:\Windows\system32\urlmon.dll
0x000007fefdbb0000 - 0x000007fefdbb4000 	C:\Windows\system32\api-ms-win-downlevel-ole32-l1-1-0.dll
0x000007fefdb70000 - 0x000007fefdb74000 	C:\Windows\system32\api-ms-win-downlevel-shlwapi-l1-1-0.dll
0x000007fefda90000 - 0x000007fefda95000 	C:\Windows\system32\api-ms-win-downlevel-advapi32-l1-1-0.dll
0x000007fefdba0000 - 0x000007fefdba4000 	C:\Windows\system32\api-ms-win-downlevel-user32-l1-1-0.dll
0x000007fefda40000 - 0x000007fefda44000 	C:\Windows\system32\api-ms-win-downlevel-version-l1-1-0.dll
0x000007fefdaa0000 - 0x000007fefdaa3000 	C:\Windows\system32\api-ms-win-downlevel-normaliz-l1-1-0.dll
0x0000000077e50000 - 0x0000000077e53000 	C:\Windows\system32\normaliz.DLL
0x000007feffcd0000 - 0x000007fefff9c000 	C:\Windows\system32\iertutil.dll
0x000007feff200000 - 0x000007feff6ac000 	C:\Windows\system32\WININET.dll
0x000007fefdb50000 - 0x000007fefdb6f000 	C:\Windows\system32\USERENV.dll
0x000007fef5420000 - 0x000007fef5433000 	C:\Users\Ali\.p2\pool\plugins\org.eclipse.justj.openjdk.hotspot.jre.full.win32.x86_64_11.0.2.v20200815-0835\jre\bin\nio.dll

dbghelp: loaded successfully - version: 4.0.5 - missing functions: none
symbol engine: initialized successfully - sym options: 0x614 - pdb path: .;C:\Users\Ali\.p2\pool\plugins\org.eclipse.justj.openjdk.hotspot.jre.full.win32.x86_64_11.0.2.v20200815-0835\jre\bin;C:\Windows\SYSTEM32;C:\Windows\WinSxS\amd64_microsoft.windows.common-controls_6595b64144ccf1df_6.0.7601.24483_none_e372d88f30fbb845;C:\Users\Ali\.p2\pool\plugins\org.eclipse.justj.openjdk.hotspot.jre.full.win32.x86_64_11.0.2.v20200815-0835\jre\bin\server;C:\Program Files\Bonjour

VM Arguments:
jvm_args: -agentlib:jdwp=transport=dt_socket,suspend=y,address=localhost:57060 -javaagent:C:\Users\Ali\eclipse\jee-2021-06\eclipse\configuration\org.eclipse.osgi\415\0\.cp\lib\javaagent-shaded.jar -Dfile.encoding=UTF-8 
java_command: org.cloudbus.cloudsim.examples.Simulation1
java_class_path (initial): C:\Users\Ali\eclipse-workspace\cloudsim-5.0\modules\cloudsim-examples\target\classes;C:\Users\Ali\eclipse-workspace\cloudsim-5.0\modules\cloudsim\target\classes;C:\Users\Ali\.m2\repository\com\opencsv\opencsv\3.7\opencsv-3.7.jar;C:\Users\Ali\.m2\repository\commons-io\commons-io\1.3.2\commons-io-1.3.2.jar;C:\Users\Ali\.m2\repository\org\apache\commons\commons-lang3\3.1\commons-lang3-3.1.jar;C:\Users\Ali\.m2\repository\org\uncommons\maths\uncommons-maths\1.2.2a\uncommons-maths-1.2.2a.jar;C:\Users\Ali\.m2\repository\jfree\jcommon\1.0.12\jcommon-1.0.12.jar;C:\Users\Ali\.m2\repository\jfree\jfreechart\1.0.8a\jfreechart-1.0.8a.jar;C:\Users\Ali\.m2\repository\com\google\guava\guava\14.0\guava-14.0.jar;C:\Users\Ali\.m2\repository\com\maxmind\geoip2\geoip2\2.0.0\geoip2-2.0.0.jar;C:\Users\Ali\.m2\repository\com\maxmind\db\maxmind-db\1.0.0\maxmind-db-1.0.0.jar;C:\Users\Ali\.m2\repository\com\google\http-client\google-http-client\1.19.0\google-http-client-1.19.0.jar;C:\Users\Ali\.m2\repository\com\google\code\findbugs\jsr305\1.3.9\jsr305-1.3.9.jar;C:\Users\Ali\.m2\repository\org\apache\httpcomponents\httpclient\4.0.1\httpclient-4.0.1.jar;C:\Users\Ali\.m2\repository\org\apache\httpcomponents\httpcore\4.0.1\httpcore-4.0.1.jar;C:\Users\Ali\.m2\repository\commons-logging\commons-logging\1.1.1\commons-logging-1.1.1.jar;C:\Users\Ali\.m2\repository\commons-codec\commons-codec\1.3\commons-codec-1.3.jar;C:\Users\Ali\.m2\repository\com\fasterxml\jackson\core\jackson-databind\2.4.2\jackson-databind-2.4.2.jar;C:\Users\Ali\.m2\repository\com\fasterxml\jackson\core\jackson-annotations\2.4.0\jackson-annotations-2.4.0.jar;C:\Users\Ali\.m2\repository\com\fasterxml\jackson\core\jackson-core\2.4.2\jackson-core-2.4.2.jar;C:\Users\Ali\.m2\repository\commons-net\commons-net\3.3\commons-net-3.3.jar;C:\Users\Ali\.m2\repository\net\sf\opencsv\opencsv\2.0\opencsv-2.0.jar;C:\Users\Ali\.m2\repository\org\apache\commons\commons-math3\3.3\commons-math3-3.3.jar
Launcher Type: SUN_STANDARD

[Global flags]
     intx CICompilerCount                          = 2                                         {product} {ergonomic}
     uint ConcGCThreads                            = 1                                         {product} {ergonomic}
     uint G1ConcRefinementThreads                  = 2                                         {product} {ergonomic}
   size_t G1HeapRegionSize                         = 1048576                                   {product} {ergonomic}
    uintx GCDrainStackTargetSize                   = 64                                        {product} {ergonomic}
   size_t InitialHeapSize                          = 117440512                                 {product} {ergonomic}
   size_t MarkStackSize                            = 4194304                                   {product} {ergonomic}
   size_t MaxHeapSize                              = 1879048192                                {product} {ergonomic}
   size_t MaxNewSize                               = 1127219200                                {product} {ergonomic}
   size_t MinHeapDeltaBytes                        = 1048576                                   {product} {ergonomic}
    uintx NonNMethodCodeHeapSize                   = 5824844                                {pd product} {ergonomic}
    uintx NonProfiledCodeHeapSize                  = 122916698                              {pd product} {ergonomic}
    uintx ProfiledCodeHeapSize                     = 122916698                              {pd product} {ergonomic}
    uintx ReservedCodeCacheSize                    = 251658240                              {pd product} {ergonomic}
     bool SegmentedCodeCache                       = true                                      {product} {ergonomic}
     bool UseCompressedClassPointers               = true                                 {lp64_product} {ergonomic}
     bool UseCompressedOops                        = true                                 {lp64_product} {ergonomic}
     bool UseG1GC                                  = true                                      {product} {ergonomic}
     bool UseLargePagesIndividualAllocation        = false                                  {pd product} {ergonomic}

Logging:
Log output configuration:
 #0: stdout all=warning uptime,level,tags
 #1: stderr all=off uptime,level,tags

Environment Variables:
PATH=C:\Users\Ali\.p2\pool\plugins\org.eclipse.justj.openjdk.hotspot.jre.full.win32.x86_64_11.0.2.v20200815-0835\jre\bin;C:/Users/Ali/.p2/pool/plugins/org.eclipse.justj.openjdk.hotspot.jre.full.win32.x86_64_11.0.2.v20200815-0835/jre/bin/server;C:/Users/Ali/.p2/pool/plugins/org.eclipse.justj.openjdk.hotspot.jre.full.win32.x86_64_11.0.2.v20200815-0835/jre/bin;C:\Program Files (x86)\Common Files\Oracle\Java\javapath;C:\Windows\system32;C:\Windows;C:\Windows\System32\Wbem;C:\Windows\System32\WindowsPowerShell\v1.0\;C:\Program Files\MATLAB\MATLAB Production Server\R2015a\runtime\win64;C:\Program Files\MATLAB\MATLAB Production Server\R2015a\bin;C:\Program Files\MATLAB\MATLAB Production Server\R2015a\polyspace\bin;C:\Program Files\nodejs\;C:\Users\Ali\AppData\Roaming\npm;C:\Users\Ali\Desktop;
USERNAME=Ali
OS=Windows_NT
PROCESSOR_IDENTIFIER=Intel64 Family 6 Model 23 Stepping 10, GenuineIntel



---------------  S Y S T E M  ---------------

OS: Windows 7 , 64 bit Build 7601 (6.1.7601.24545)

CPU:total 2 (initial active 2) (2 cores per cpu, 1 threads per core) family 6 model 23 stepping 10, cmov, cx8, fxsr, mmx, sse, sse2, sse3, ssse3, sse4.1, tsc

Memory: 4k page, system-wide physical 7167M (2017M free)
TotalPageFile size 15208M (AvailPageFile size 1383M)
current process WorkingSet (physical memory assigned to process): 42M, peak: 58M
current process commit charge ("private bytes"): 191M, peak: 191M

vm_info: OpenJDK 64-Bit Server VM (11.0.2+9) for windows-amd64 JRE (11.0.2+9), built on Jan 18 2019 05:23:22 by "mach5one" with MS VC++ 15.5 (VS2017)

END.
